вүҲ tailwindcss v4.2.4

в”Ӯ вҶі Upgrading from Tailwind CSS `v4.2.4` 

в”Ӯ Searching for CSS files in the current directory and its subdirectoriesвҖҰ 

в”Ӯ Migrating stylesheetsвҖҰ 

в”Ӯ вҶі Migrated stylesheet: `./app/styles/globals.css` 

в”Ӯ Updating dependenciesвҖҰ 

в”Ӯ вҶі Updated package: `tailwindcss` 

в”Ӯ вҶі Updated package: `prettier-plugin-tailwindcss` 

в”Ӯ Migrating templatesвҖҰ 

в”Ӯ вҶі Git ignored, skipping: `./next-env.d.ts` 

в”Ӯ вҶі Migrated `./components/forms/newsletter-form.tsx` 

в”Ӯ вҶі Migrated `./components/blog/comment-section.tsx` 

в”Ӯ вҶі Migrated `./app/not-found.tsx` 

в”Ӯ вҶі Migrated `./app/layout.tsx` 

в”Ӯ вҶі Migrated `./components/home/projects/ProjectCard.tsx` 

в”Ӯ вҶі Migrated `./app/projects/[slug]/page.tsx` 

в”Ӯ вҶі Migrated `./components/cards/author-card.tsx` 

в”Ӯ вҶі Migrated `./components/ui/toast.tsx` 

в”Ӯ вҶі Migrated `./components/home/hero/HeroBrands.tsx` 

в”Ӯ вҶі Migrated `./app/error.tsx` 

в”Ӯ вҶі Migrated `./app/resources/books-articles/page.tsx` 

в”Ӯ вҶі Migrated `./components/projects/ProjectCard.tsx` 

в”Ӯ вҶі Migrated `./components/navigation/pagination.tsx` 

в”Ӯ вҶі Migrated `./components/ui/chart.tsx` 

в”Ӯ вҶі Migrated `./components/ui/menubar.tsx` 

в”Ӯ вҶі Migrated `./components/ui/dropdown-menu.tsx` 

в”Ӯ вҶі Migrated `./components/layouts/not-found-layout.tsx` 

в”Ӯ вҶі Migrated `./components/blog/author-bio.tsx` 

в”Ӯ вҶі Migrated `./components/ui/input-otp.tsx` 

в”Ӯ вҶі Migrated `./components/posts/HeroSection.tsx` 

в”Ӯ вҶі Migrated `./app/resources/development/page.tsx` 

в”Ӯ вҶі Migrated `./components/projects/ProjectsHeader.tsx` 

в”Ӯ вҶі Migrated `./app/tags/[slug]/page.tsx` 

в”Ӯ вҶі Migrated `./components/search/search-dialog.tsx` 

в”Ӯ вҶі Migrated `./components/ui/breadcrumb.tsx` 

в”Ӯ вҶі Migrated `./components/layouts/blog-layout.tsx` 

в”Ӯ вҶі Migrated `./components/navigation/breadcrumbs.tsx` 

в”Ӯ вҶі Migrated `./components/layouts/page-layout.tsx` 

в”Ӯ вҶі Migrated `./components/contact-form.tsx` 

в”Ӯ вҶі Migrated `./components/ui/scroll-area.tsx` 

в”Ӯ вҶі Migrated `./components/images/responsive-image.tsx` 

в”Ӯ вҶі Migrated `./components/ui/context-menu.tsx` 

в”Ӯ вҶі Migrated `./components/navigation/mobile-menu.tsx` 

в”Ӯ вҶі Migrated `./components/home/expertise/ExpertiseSection.tsx` 

в”Ӯ вҶі Migrated `./components/navigation/footer.tsx` 

в”Ӯ вҶі Migrated `./components/ui/command.tsx` 

в”Ӯ вҶі Migrated `./app/about/page.tsx` 

в”Ӯ вҶі Migrated `./components/layouts/search-layout.tsx` 

в”Ӯ вҶі Migrated `./components/home/projects/FeaturedProjects.tsx` 

в”Ӯ вҶі Migrated `./components/projects/ProjectsPagination.tsx` 

в”Ӯ вҶі Migrated `./components/layouts/category-layout.tsx` 

в”Ӯ вҶі Migrated `./components/home/posts/LatestPosts.tsx` 

в”Ӯ вҶі Migrated `./components/posts/PostCard.tsx` 

в”Ӯ вҶі Migrated `./components/navigation/pagination-link.tsx` 

в”Ӯ вҶі Migrated `./app/resources/design/page.tsx` 

в”Ӯ вҶі Migrated `./components/ui/navigation-menu.tsx` 

в”Ӯ вҶі Migrated `./components/home/expertise/ExpertiseCard.tsx` 

в”Ӯ вҶі Migrated `./hooks/_page_posts.tsx` 

в”Ӯ вҶі Migrated `./components/ui/separator.tsx` 

в”Ӯ вҶі Migrated `./app/posts/[slug]/page.tsx` 

в”Ӯ вҶі Migrated `./components/blog/related-posts.tsx` 

в”Ӯ вҶі Migrated `./components/search.tsx` 

в”Ӯ вҶі Migrated `./components/navigation/navbar.tsx` 

в”Ӯ вҶі Migrated `./components/home/hero/HeroSection.tsx` 

в”Ӯ вҶі Migrated `./app/contact/page.tsx` 

в”Ӯ вҶі Migrated `./components/ui/select.tsx` 

в”Ӯ вҶі Migrated `./components/ui/sidebar.tsx` 

в”Ӯ вҶі Migrated templates for: `./app/styles/globals.css` (57 files changed) 

в”Ӯ Verify the changes and commit them to your repository. 

